<?xml version="1.0" encoding="UTF-8"?>
<testsuite xmlns:xsi="http://www.w3.org/2001/XMLSchema-instance" xsi:noNamespaceSchemaLocation="https://maven.apache.org/surefire/maven-surefire-plugin/xsd/surefire-test-report-3.0.xsd" version="3.0" name="com.project.card_marker.CardMarkerApplicationTests" time="3.394" tests="1" errors="0" skipped="0" failures="0">
  <properties>
[...]
</properties>
  <testcase name="contextLoads" classname="com.project.card_marker.CardMarkerApplicationTests" time="0.649">
    <system-out><![CDATA[09:09:07.064 [main] INFO org.springframework.test.context.support.AnnotationConfigContextLoaderUtils -- Could not detect default configuration classes for test class [com.project.card_marker.CardMarkerApplicationTests]: CardMarkerApplicationTests does not declare any static, non-private, non-final, nested classes annotated with @Configuration.
09:09:07.155 [main] INFO org.springframework.boot.test.context.SpringBootTestContextBootstrapper -- Found @SpringBootConfiguration com.project.card_marker.CardMarkerApplication for test class com.project.card_marker.CardMarkerApplicationTests

  .   ____          _            __ _ _
 /\\ / ___'_ __ _ _(_)_ __  __ _ \ \ \ \
( ( )\___ | '_ | '_| | '_ \/ _` | \ \ \ \
 \\/  ___)| |_)| | | | | || (_| |  ) ) ) )
  '  |____| .__|_| |_|_| |_\__, | / / / /
 =========|_|==============|___/=/_/_/_/

 :: Spring Boot ::                (v3.3.5)

2024-12-02T09:09:07.593-05:00  INFO 26876 --- [card_marker] [           main] c.p.c.CardMarkerApplicationTests         : Starting CardMarkerApplicationTests using Java 22.0.1 with PID 26876 (started by Andres in C:\Users\Andres\projectTride\card_marker)
2024-12-02T09:09:07.594-05:00  INFO 26876 --- [card_marker] [           main] c.p.c.CardMarkerApplicationTests         : No active profile set, falling back to 1 default profile: "default"
2024-12-02T09:09:08.153-05:00  INFO 26876 --- [card_marker] [           main] .s.d.r.c.RepositoryConfigurationDelegate : Multiple Spring Data modules found, entering strict repository configuration mode
2024-12-02T09:09:08.154-05:00  INFO 26876 --- [card_marker] [           main] .s.d.r.c.RepositoryConfigurationDelegate : Bootstrapping Spring Data MongoDB repositories in DEFAULT mode.
2024-12-02T09:09:08.205-05:00  INFO 26876 --- [card_marker] [           main] .s.d.r.c.RepositoryConfigurationDelegate : Finished Spring Data repository scanning in 46 ms. Found 1 MongoDB repository interface.
2024-12-02T09:09:08.714-05:00  INFO 26876 --- [card_marker] [           main] org.mongodb.driver.client                : MongoClient with metadata {"application": {"name": "Cluster0"}, "driver": {"name": "mongo-java-driver|sync|spring-boot", "version": "5.0.1"}, "os": {"type": "Windows", "name": "Windows 11", "architecture": "amd64", "version": "10.0"}, "platform": "Java/Oracle Corporation/22.0.1+8-16"} created with settings MongoClientSettings{readPreference=primary, writeConcern=WriteConcern{w=majority, wTimeout=null ms, journal=null}, retryWrites=true, retryReads=true, readConcern=ReadConcern{level=null}, credential=MongoCredential{mechanism=null, userName='andresocampo82211', source='admin', password=<hidden>, mechanismProperties=<hidden>}, transportSettings=null, commandListeners=[], codecRegistry=ProvidersCodecRegistry{codecProviders=[ValueCodecProvider{}, BsonValueCodecProvider{}, DBRefCodecProvider{}, DBObjectCodecProvider{}, DocumentCodecProvider{}, CollectionCodecProvider{}, IterableCodecProvider{}, MapCodecProvider{}, GeoJsonCodecProvider{}, GridFSFileCodecProvider{}, Jsr310CodecProvider{}, JsonObjectCodecProvider{}, BsonCodecProvider{}, EnumCodecProvider{}, com.mongodb.client.model.mql.ExpressionCodecProvider@64dae3b7, com.mongodb.Jep395RecordCodecProvider@1fedf0a4, com.mongodb.KotlinCodecProvider@1e4c6583]}, loggerSettings=LoggerSettings{maxDocumentLength=1000}, clusterSettings={hosts=[127.0.0.1:27017], srvHost=cluster0.wdl3f.mongodb.net, srvServiceName=mongodb, mode=MULTIPLE, requiredClusterType=REPLICA_SET, requiredReplicaSetName='atlas-ogf89a-shard-0', serverSelector='null', clusterListeners='[]', serverSelectionTimeout='30000 ms', localThreshold='15 ms'}, socketSettings=SocketSettings{connectTimeoutMS=10000, readTimeoutMS=0, receiveBufferSize=0, proxySettings=ProxySettings{host=null, port=null, username=null, password=null}}, heartbeatSocketSettings=SocketSettings{connectTimeoutMS=10000, readTimeoutMS=10000, receiveBufferSize=0, proxySettings=ProxySettings{host=null, port=null, username=null, password=null}}, connectionPoolSettings=ConnectionPoolSettings{maxSize=100, minSize=0, maxWaitTimeMS=120000, maxConnectionLifeTimeMS=0, maxConnectionIdleTimeMS=0, maintenanceInitialDelayMS=0, maintenanceFrequencyMS=60000, connectionPoolListeners=[], maxConnecting=2}, serverSettings=ServerSettings{heartbeatFrequencyMS=10000, minHeartbeatFrequencyMS=500, serverListeners='[]', serverMonitorListeners='[]'}, sslSettings=SslSettings{enabled=true, invalidHostNameAllowed=false, context=null}, applicationName='Cluster0', compressorList=[], uuidRepresentation=JAVA_LEGACY, serverApi=null, autoEncryptionSettings=null, dnsClient=null, inetAddressResolver=null, contextProvider=null}
2024-12-02T09:09:08.832-05:00  INFO 26876 --- [card_marker] [l3f.mongodb.net] org.mongodb.driver.cluster               : Adding discovered server cluster0-shard-00-00.wdl3f.mongodb.net:27017 to client view of cluster
2024-12-02T09:09:08.850-05:00  INFO 26876 --- [card_marker] [l3f.mongodb.net] org.mongodb.driver.cluster               : Adding discovered server cluster0-shard-00-01.wdl3f.mongodb.net:27017 to client view of cluster
2024-12-02T09:09:08.853-05:00  INFO 26876 --- [card_marker] [l3f.mongodb.net] org.mongodb.driver.cluster               : Adding discovered server cluster0-shard-00-02.wdl3f.mongodb.net:27017 to client view of cluster
2024-12-02T09:09:09.594-05:00  INFO 26876 --- [card_marker] [ngodb.net:27017] org.mongodb.driver.cluster               : Monitor thread successfully connected to server with description ServerDescription{address=cluster0-shard-00-02.wdl3f.mongodb.net:27017, type=REPLICA_SET_PRIMARY, state=CONNECTED, ok=true, minWireVersion=0, maxWireVersion=25, maxDocumentSize=16777216, logicalSessionTimeoutMinutes=30, roundTripTimeNanos=510733400, setName='atlas-ogf89a-shard-0', canonicalAddress=cluster0-shard-00-02.wdl3f.mongodb.net:27017, hosts=[cluster0-shard-00-00.wdl3f.mongodb.net:27017, cluster0-shard-00-01.wdl3f.mongodb.net:27017, cluster0-shard-00-02.wdl3f.mongodb.net:27017], passives=[], arbiters=[], primary='cluster0-shard-00-02.wdl3f.mongodb.net:27017', tagSet=TagSet{[Tag{name='availabilityZone', value='use1-az6'}, Tag{name='diskState', value='READY'}, Tag{name='nodeType', value='ELECTABLE'}, Tag{name='provider', value='AWS'}, Tag{name='region', value='US_EAST_1'}, Tag{name='workloadType', value='OPERATIONAL'}]}, electionId=7fffffff0000000000000262, setVersion=159, topologyVersion=TopologyVersion{processId=67480a8e35caa51a8c6cbefa, counter=9}, lastWriteDate=Mon Dec 02 09:09:12 COT 2024, lastUpdateTimeNanos=7742382410400}
2024-12-02T09:09:09.594-05:00  INFO 26876 --- [card_marker] [ngodb.net:27017] org.mongodb.driver.cluster               : Monitor thread successfully connected to server with description ServerDescription{address=cluster0-shard-00-01.wdl3f.mongodb.net:27017, type=REPLICA_SET_SECONDARY, state=CONNECTED, ok=true, minWireVersion=0, maxWireVersion=25, maxDocumentSize=16777216, logicalSessionTimeoutMinutes=30, roundTripTimeNanos=510733200, setName='atlas-ogf89a-shard-0', canonicalAddress=cluster0-shard-00-01.wdl3f.mongodb.net:27017, hosts=[cluster0-shard-00-00.wdl3f.mongodb.net:27017, cluster0-shard-00-01.wdl3f.mongodb.net:27017, cluster0-shard-00-02.wdl3f.mongodb.net:27017], passives=[], arbiters=[], primary='cluster0-shard-00-02.wdl3f.mongodb.net:27017', tagSet=TagSet{[Tag{name='availabilityZone', value='use1-az4'}, Tag{name='diskState', value='READY'}, Tag{name='nodeType', value='ELECTABLE'}, Tag{name='provider', value='AWS'}, Tag{name='region', value='US_EAST_1'}, Tag{name='workloadType', value='OPERATIONAL'}]}, electionId=null, setVersion=159, topologyVersion=TopologyVersion{processId=67480cb34590f451eec567a1, counter=5}, lastWriteDate=Mon Dec 02 09:09:12 COT 2024, lastUpdateTimeNanos=7742382410400}
2024-12-02T09:09:09.596-05:00  INFO 26876 --- [card_marker] [ngodb.net:27017] org.mongodb.driver.cluster               : Monitor thread successfully connected to server with description ServerDescription{address=cluster0-shard-00-00.wdl3f.mongodb.net:27017, type=REPLICA_SET_SECONDARY, state=CONNECTED, ok=true, minWireVersion=0, maxWireVersion=25, maxDocumentSize=16777216, logicalSessionTimeoutMinutes=30, roundTripTimeNanos=510733200, setName='atlas-ogf89a-shard-0', canonicalAddress=cluster0-shard-00-00.wdl3f.mongodb.net:27017, hosts=[cluster0-shard-00-00.wdl3f.mongodb.net:27017, cluster0-shard-00-01.wdl3f.mongodb.net:27017, cluster0-shard-00-02.wdl3f.mongodb.net:27017], passives=[], arbiters=[], primary='cluster0-shard-00-02.wdl3f.mongodb.net:27017', tagSet=TagSet{[Tag{name='availabilityZone', value='use1-az2'}, Tag{name='diskState', value='READY'}, Tag{name='nodeType', value='ELECTABLE'}, Tag{name='provider', value='AWS'}, Tag{name='region', value='US_EAST_1'}, Tag{name='workloadType', value='OPERATIONAL'}]}, electionId=null, setVersion=159, topologyVersion=TopologyVersion{processId=67480b6c0de3bbab6f1250be, counter=5}, lastWriteDate=Mon Dec 02 09:09:12 COT 2024, lastUpdateTimeNanos=7742382410400}
2024-12-02T09:09:09.600-05:00  INFO 26876 --- [card_marker] [ngodb.net:27017] org.mongodb.driver.cluster               : Discovered replica set primary cluster0-shard-00-02.wdl3f.mongodb.net:27017 with max election id 7fffffff0000000000000262 and max set version 159
2024-12-02T09:09:09.645-05:00  INFO 26876 --- [card_marker] [           main] c.p.c.CardMarkerApplicationTests         : Started CardMarkerApplicationTests in 2.363 seconds (process running for 3.183)
]]></system-out>
    <system-err><![CDATA[WARNING: A Java agent has been loaded dynamically (C:\Users\Andres\.m2\repository\net\bytebuddy\byte-buddy-agent\1.14.19\byte-buddy-agent-1.14.19.jar)
WARNING: If a serviceability tool is in use, please run with -XX:+EnableDynamicAgentLoading to hide this warning
WARNING: If a serviceability tool is not in use, please run with -Djdk.instrument.traceUsage for more information
WARNING: Dynamic loading of agents will be disallowed by default in a future release
]]></system-err>
  </testcase>
</testsuite>